2025-01-13 14:26:50,398 WARNING database DDL Query made to DB:
alter table `tabTickets` add column if not exists parentfield varchar(140)
2025-01-13 14:26:57,228 WARNING database DDL Query made to DB:
ALTER TABLE `tabCRM Lead` MODIFY `annual_revenue` decimal(21,9) not null default 0, MODIFY `first_response_time` decimal(21,9)
2025-01-15 08:42:49,946 WARNING database DDL Query made to DB:
alter table `tabTickets` add column if not exists parent varchar(140)
2025-01-15 08:42:49,947 WARNING database DDL Query made to DB:
alter table `tabTickets` add column if not exists parenttype varchar(140)
2025-01-15 08:42:49,947 WARNING database DDL Query made to DB:
alter table `tabTickets` add column if not exists parentfield varchar(140)
2025-01-15 08:44:42,140 WARNING database DDL Query made to DB:
alter table `tabTickets` add column if not exists parent varchar(140)
2025-01-15 08:44:42,141 WARNING database DDL Query made to DB:
alter table `tabTickets` add column if not exists parenttype varchar(140)
2025-01-15 08:44:42,142 WARNING database DDL Query made to DB:
alter table `tabTickets` add column if not exists parentfield varchar(140)
2025-01-15 14:32:19,666 WARNING database DDL Query made to DB:
alter table `tabDocType` add column if not exists migration_hash varchar(140)
2025-01-15 14:32:21,212 WARNING database DDL Query made to DB:
ALTER TABLE `tabCRM Lead` MODIFY `annual_revenue` decimal(21,9) not null default 0, MODIFY `first_response_time` decimal(21,9)
2025-01-18 16:58:08,323 WARNING database DDL Query made to DB:
alter table `tabTickets` add column if not exists parent varchar(140)
2025-01-18 16:58:08,324 WARNING database DDL Query made to DB:
alter table `tabTickets` add column if not exists parenttype varchar(140)
2025-01-18 16:58:08,325 WARNING database DDL Query made to DB:
alter table `tabTickets` add column if not exists parentfield varchar(140)
2025-01-18 17:01:31,014 WARNING database DDL Query made to DB:
alter table `tabDocType` add column if not exists migration_hash varchar(140)
2025-01-18 17:06:50,160 WARNING database DDL Query made to DB:
ALTER TABLE `tabCRM Lead` MODIFY `first_response_time` decimal(21,9), MODIFY `annual_revenue` decimal(21,9) not null default 0
2025-01-18 17:06:50,413 WARNING database DDL Query made to DB:
RENAME TABLE `tabTickets` TO `tabFCRM Tickets`
